<?xml version="1.0" encoding="UTF-8"?>
<!-- Generated by org.testng.reporters.JUnitReportReporter -->
<testsuite skipped="38" hostname="LAPTOP-ADMPVVC9" name="Tests.CustomerCare360Joaquin" tests="39" failures="0" timestamp="01 dic 2017 17:19:30 GMT" time="2.553" errors="1">
  <testcase name="TS38068_Consumption_Details_Definicion_de_Filtros_sobre_Calendario_Fecha_Desde_No_se_puede_ingresar_una_fecha_posterior_a_día_de_consulta" time="0.000" classname="Tests.CustomerCare360Joaquin">
    <skipped/>
  </testcase> <!-- TS38068_Consumption_Details_Definicion_de_Filtros_sobre_Calendario_Fecha_Desde_No_se_puede_ingresar_una_fecha_posterior_a_día_de_consulta -->
  <testcase name="TS38170_360_View_UX_360_Card_Historiales_Visualizar_botón_Ver_Detalle_HISTORIAL_DE_AJUSTES" time="0.000" classname="Tests.CustomerCare360Joaquin">
    <skipped/>
  </testcase> <!-- TS38170_360_View_UX_360_Card_Historiales_Visualizar_botón_Ver_Detalle_HISTORIAL_DE_AJUSTES -->
  <testcase name="TS38472_360_View_360_card_servicio_prepago_Persistencia_Visualizar_Fecha_de_activación" time="0.000" classname="Tests.CustomerCare360Joaquin">
    <skipped/>
  </testcase> <!-- TS38472_360_View_360_card_servicio_prepago_Persistencia_Visualizar_Fecha_de_activación -->
  <testcase name="TS38541_Problems_with_Refills_Problemas_con_Recargas_Medio_de_recarga_Seleccionar_Tarjeta_Pre_Paga_PIN_Visible_Lote_activo" time="0.000" classname="Tests.CustomerCare360Joaquin">
    <skipped/>
  </testcase> <!-- TS38541_Problems_with_Refills_Problemas_con_Recargas_Medio_de_recarga_Seleccionar_Tarjeta_Pre_Paga_PIN_Visible_Lote_activo -->
  <testcase name="TS38538_Problems_with_Refills_Problemas_con_Recargas_Medio_de_recarga_Selección_Múltiple" time="0.000" classname="Tests.CustomerCare360Joaquin">
    <skipped/>
  </testcase> <!-- TS38538_Problems_with_Refills_Problemas_con_Recargas_Medio_de_recarga_Selección_Múltiple -->
  <testcase name="TS38628_360_View_360_View_Card_Pre_pago_Acción_sobre_Historiales_Visualizar_Ultimas_5_recargas_desde_el_dia_de_la_fecha" time="0.000" classname="Tests.CustomerCare360Joaquin">
    <skipped/>
  </testcase> <!-- TS38628_360_View_360_View_Card_Pre_pago_Acción_sobre_Historiales_Visualizar_Ultimas_5_recargas_desde_el_dia_de_la_fecha -->
  <testcase name="TS38421_360_View_360_card_servicio_prepago_Mis_Servicios" time="0.000" classname="Tests.CustomerCare360Joaquin">
    <skipped/>
  </testcase> <!-- TS38421_360_View_360_card_servicio_prepago_Mis_Servicios -->
  <testcase name="TS38551_Problems_with_Refills_Problemas_con_Recargas_Medio_de_recarga_Lote_Ingresa_17_dígitos" time="0.000" classname="Tests.CustomerCare360Joaquin">
    <skipped/>
  </testcase> <!-- TS38551_Problems_with_Refills_Problemas_con_Recargas_Medio_de_recarga_Lote_Ingresa_17_dígitos -->
  <testcase name="TS38479_360_View_360_card_servicio_prepago_Persistencia_Visualizar_Acciones_Ahorrá" time="0.000" classname="Tests.CustomerCare360Joaquin">
    <skipped/>
  </testcase> <!-- TS38479_360_View_360_card_servicio_prepago_Persistencia_Visualizar_Acciones_Ahorrá -->
  <testcase name="TS38185_360_View_360_View_Historial_de_Packs_Desplegable_nombre_Historial_Packs" time="0.000" classname="Tests.CustomerCare360Joaquin">
    <skipped/>
  </testcase> <!-- TS38185_360_View_360_View_Historial_de_Packs_Desplegable_nombre_Historial_Packs -->
  <testcase name="TS38629_360_View_360_View_Card_Pre_pago_Acción_sobre_Historiales_Visualizar_Ultimas_5_recargas_SOS_desde_el_dia_de_la_fecha" time="0.000" classname="Tests.CustomerCare360Joaquin">
    <skipped/>
  </testcase> <!-- TS38629_360_View_360_View_Card_Pre_pago_Acción_sobre_Historiales_Visualizar_Ultimas_5_recargas_SOS_desde_el_dia_de_la_fecha -->
  <testcase name="TS38174_360_View_UX_360_Card_Historiales_Campos_Historial_de_Ajustes" time="0.000" classname="Tests.CustomerCare360Joaquin">
    <skipped/>
  </testcase> <!-- TS38174_360_View_UX_360_Card_Historiales_Campos_Historial_de_Ajustes -->
  <testcase name="TS38475_360_View_360_card_servicio_prepago_Persistencia_Visualizar_Crédito_de_Recarga" time="0.000" classname="Tests.CustomerCare360Joaquin">
    <skipped/>
  </testcase> <!-- TS38475_360_View_360_card_servicio_prepago_Persistencia_Visualizar_Crédito_de_Recarga -->
  <testcase name="TS38550_Problems_with_Refills_Problemas_con_Recargas_Medio_de_recarga_Lote_Ingresa_16_dígitos" time="0.000" classname="Tests.CustomerCare360Joaquin">
    <skipped/>
  </testcase> <!-- TS38550_Problems_with_Refills_Problemas_con_Recargas_Medio_de_recarga_Lote_Ingresa_16_dígitos -->
  <testcase name="TS38186_360_View_360_View_Historial_de_Packs_Fecha_Desde_y_Hasta_no_superan_los_30_dias" time="0.000" classname="Tests.CustomerCare360Joaquin">
    <skipped/>
  </testcase> <!-- TS38186_360_View_360_View_Historial_de_Packs_Fecha_Desde_y_Hasta_no_superan_los_30_dias -->
  <testcase name="TS38631_360_View_360_View_Card_Pre_pago_Acción_sobre_Historiales_Visualizar_Ultimos_5_ajustes_desde_el_dia_de_la_fecha" time="0.000" classname="Tests.CustomerCare360Joaquin">
    <skipped/>
  </testcase> <!-- TS38631_360_View_360_View_Card_Pre_pago_Acción_sobre_Historiales_Visualizar_Ultimos_5_ajustes_desde_el_dia_de_la_fecha -->
  <testcase name="TS38474_360_View_360_card_servicio_prepago_Persistencia_Visualizar_Numero_de_línea" time="0.000" classname="Tests.CustomerCare360Joaquin">
    <skipped/>
  </testcase> <!-- TS38474_360_View_360_card_servicio_prepago_Persistencia_Visualizar_Numero_de_línea -->
  <testcase name="TS38471_360_View_360_card_servicio_prepago_Persistencia_Visualizar_Nombre_del_producto" time="0.000" classname="Tests.CustomerCare360Joaquin">
    <skipped/>
  </testcase> <!-- TS38471_360_View_360_card_servicio_prepago_Persistencia_Visualizar_Nombre_del_producto -->
  <testcase name="TS38164_360_View_UX_360_Card_Historiales_Visualizar_HISTORIAL_DE_PACKS" time="0.000" classname="Tests.CustomerCare360Joaquin">
    <skipped/>
  </testcase> <!-- TS38164_360_View_UX_360_Card_Historiales_Visualizar_HISTORIAL_DE_PACKS -->
  <testcase name="TS38476_360_View_360_card_servicio_prepago_Persistencia_Visualizar_Internet_Disponible" time="0.000" classname="Tests.CustomerCare360Joaquin">
    <skipped/>
  </testcase> <!-- TS38476_360_View_360_card_servicio_prepago_Persistencia_Visualizar_Internet_Disponible -->
  <testcase name="TS38188_360_View_360_View_Historial_de_Packs_Detalle_Ordenamiento_columna_cierra_registros" time="0.000" classname="Tests.CustomerCare360Joaquin">
    <skipped/>
  </testcase> <!-- TS38188_360_View_360_View_Historial_de_Packs_Detalle_Ordenamiento_columna_cierra_registros -->
  <testcase name="TS38166_360_View_UX_360_Card_Historiales_Visualizar_HISTORIAL_DE_AJUSTES" time="0.000" classname="Tests.CustomerCare360Joaquin">
    <skipped/>
  </testcase> <!-- TS38166_360_View_UX_360_Card_Historiales_Visualizar_HISTORIAL_DE_AJUSTES -->
  <testcase name="TS38477_360_View_360_card_servicio_prepago_Persistencia_Visualizar_Acciones_Detalle_de_consumos" time="0.000" classname="Tests.CustomerCare360Joaquin">
    <skipped/>
  </testcase> <!-- TS38477_360_View_360_card_servicio_prepago_Persistencia_Visualizar_Acciones_Detalle_de_consumos -->
  <testcase name="TS38419_360_View_360_card_servicio_prepago_Acciones_Historial_de_Recargas" time="0.000" classname="Tests.CustomerCare360Joaquin">
    <skipped/>
  </testcase> <!-- TS38419_360_View_360_card_servicio_prepago_Acciones_Historial_de_Recargas -->
  <testcase name="TS38169_360_View_UX_360_Card_Historiales_Visualizar_botón_Ver_Detalle_HISTORIAL_DE_RECARGAS_SOS" time="0.000" classname="Tests.CustomerCare360Joaquin">
    <skipped/>
  </testcase> <!-- TS38169_360_View_UX_360_Card_Historiales_Visualizar_botón_Ver_Detalle_HISTORIAL_DE_RECARGAS_SOS -->
  <testcase name="TS38537_Problems_with_Refills_Problemas_con_Recargas_Medio_de_recarga_Selección_simple" time="0.000" classname="Tests.CustomerCare360Joaquin">
    <skipped/>
  </testcase> <!-- TS38537_Problems_with_Refills_Problemas_con_Recargas_Medio_de_recarga_Selección_simple -->
  <testcase name="init" time="2.552" classname="Tests.CustomerCare360Joaquin">
    <error type="java.lang.NullPointerException">
      <![CDATA[java.lang.NullPointerException
	at Tests.TestBase.login(TestBase.java:38)
	at Tests.CustomerCare360Joaquin.init(CustomerCare360Joaquin.java:40)
	at sun.reflect.NativeMethodAccessorImpl.invoke0(Native Method)
	at sun.reflect.NativeMethodAccessorImpl.invoke(Unknown Source)
	at sun.reflect.DelegatingMethodAccessorImpl.invoke(Unknown Source)
	at java.lang.reflect.Method.invoke(Unknown Source)
	at org.testng.internal.MethodInvocationHelper.invokeMethod(MethodInvocationHelper.java:108)
	at org.testng.internal.Invoker.invokeConfigurationMethod(Invoker.java:523)
	at org.testng.internal.Invoker.invokeConfigurations(Invoker.java:224)
	at org.testng.internal.Invoker.invokeConfigurations(Invoker.java:146)
	at org.testng.internal.TestMethodWorker.invokeBeforeClassMethods(TestMethodWorker.java:166)
	at org.testng.internal.TestMethodWorker.run(TestMethodWorker.java:105)
	at org.testng.TestRunner.privateRun(TestRunner.java:744)
	at org.testng.TestRunner.run(TestRunner.java:602)
	at org.testng.SuiteRunner.runTest(SuiteRunner.java:380)
	at org.testng.SuiteRunner.runSequentially(SuiteRunner.java:375)
	at org.testng.SuiteRunner.privateRun(SuiteRunner.java:340)
	at org.testng.SuiteRunner.run(SuiteRunner.java:289)
	at org.testng.SuiteRunnerWorker.runSuite(SuiteRunnerWorker.java:52)
	at org.testng.SuiteRunnerWorker.run(SuiteRunnerWorker.java:86)
	at org.testng.TestNG.runSuitesSequentially(TestNG.java:1301)
	at org.testng.TestNG.runSuitesLocally(TestNG.java:1226)
	at org.testng.TestNG.runSuites(TestNG.java:1144)
	at org.testng.TestNG.run(TestNG.java:1115)
	at org.testng.remote.AbstractRemoteTestNG.run(AbstractRemoteTestNG.java:132)
	at org.testng.remote.RemoteTestNG.initAndRun(RemoteTestNG.java:230)
	at org.testng.remote.RemoteTestNG.main(RemoteTestNG.java:76)
]]>
    </error>
  </testcase> <!-- init -->
  <testcase name="TS38189_360_View_Historial_de_Recargas_Pre_pago_Visualización_de_registros_y_criterios_de_ordenamiento_Ordenamiento_columna" time="0.000" classname="Tests.CustomerCare360Joaquin">
    <skipped/>
  </testcase> <!-- TS38189_360_View_Historial_de_Recargas_Pre_pago_Visualización_de_registros_y_criterios_de_ordenamiento_Ordenamiento_columna -->
  <testcase name="TS38418_360_View_360_card_servicio_prepago_Acciones_Detalle_de_consumos" time="0.000" classname="Tests.CustomerCare360Joaquin">
    <skipped/>
  </testcase> <!-- TS38418_360_View_360_card_servicio_prepago_Acciones_Detalle_de_consumos -->
  <testcase name="TS38416_360_View_360_card_servicio_prepago_Header_Visualizar_campos" time="0.000" classname="Tests.CustomerCare360Joaquin">
    <skipped/>
  </testcase> <!-- TS38416_360_View_360_card_servicio_prepago_Header_Visualizar_campos -->
  <testcase name="TS38630_360_View_360_View_Card_Pre_pago_Acción_sobre_Historiales_Visualizar_Ultimas_5_compras_de_Packs_desde_el_dia_de_la_fecha" time="0.000" classname="Tests.CustomerCare360Joaquin">
    <skipped/>
  </testcase> <!-- TS38630_360_View_360_View_Card_Pre_pago_Acción_sobre_Historiales_Visualizar_Ultimas_5_compras_de_Packs_desde_el_dia_de_la_fecha -->
  <testcase name="TS38417_360_View_360_card_servicio_prepago_Información_de_la_card_Visualizar_campos" time="0.000" classname="Tests.CustomerCare360Joaquin">
    <skipped/>
  </testcase> <!-- TS38417_360_View_360_card_servicio_prepago_Información_de_la_card_Visualizar_campos -->
  <testcase name="TS38172_360_View_UX_360_Card_Historiales_Campos_Historial_de_Packs" time="0.001" classname="Tests.CustomerCare360Joaquin">
    <skipped/>
  </testcase> <!-- TS38172_360_View_UX_360_Card_Historiales_Campos_Historial_de_Packs -->
  <testcase name="TS38480_360_View_360_card_servicio_prepago_Persistencia_Visualizar_Acciones_Mis_Servicios" time="0.000" classname="Tests.CustomerCare360Joaquin">
    <skipped/>
  </testcase> <!-- TS38480_360_View_360_card_servicio_prepago_Persistencia_Visualizar_Acciones_Mis_Servicios -->
  <testcase name="TS38473_360_View_360_card_servicio_prepago_Persistencia_Visualizar_Estado" time="0.000" classname="Tests.CustomerCare360Joaquin">
    <skipped/>
  </testcase> <!-- TS38473_360_View_360_card_servicio_prepago_Persistencia_Visualizar_Estado -->
  <testcase name="TS38187_360_View_360_View_Historial_de_Packs_Detalle_Aperturar_registro_Detalle" time="0.000" classname="Tests.CustomerCare360Joaquin">
    <skipped/>
  </testcase> <!-- TS38187_360_View_360_View_Historial_de_Packs_Detalle_Aperturar_registro_Detalle -->
  <testcase name="TS38637_360_View_360_View_Card_Pre_pago_Acción_sobre_Historiales_Ordenar_ajustes_por_Monto" time="0.000" classname="Tests.CustomerCare360Joaquin">
    <skipped/>
  </testcase> <!-- TS38637_360_View_360_View_Card_Pre_pago_Acción_sobre_Historiales_Ordenar_ajustes_por_Monto -->
  <testcase name="TS38549_Problems_with_Refills_Problemas_con_Recargas_Medio_de_recarga_Lote_Ingresa_15_dígitos" time="0.000" classname="Tests.CustomerCare360Joaquin">
    <skipped/>
  </testcase> <!-- TS38549_Problems_with_Refills_Problemas_con_Recargas_Medio_de_recarga_Lote_Ingresa_15_dígitos -->
  <testcase name="TS38552_Problems_with_Refills_Problemas_con_Recargas_Medio_de_recarga_Lote_Ingresa_letras" time="0.000" classname="Tests.CustomerCare360Joaquin">
    <skipped/>
  </testcase> <!-- TS38552_Problems_with_Refills_Problemas_con_Recargas_Medio_de_recarga_Lote_Ingresa_letras -->
</testsuite> <!-- Tests.CustomerCare360Joaquin -->
