<?xml version="1.0" encoding="UTF-8"?>
<!-- Generated by org.testng.reporters.JUnitReportReporter -->
<testsuite skipped="0" hostname="DESKTOP-UOMKS8R" name="Tests.testEventosMasivos" tests="3" failures="0" timestamp="31 oct 2017 19:11:15 GMT" time="130.508" errors="0">
  <testcase name="TS16230_CRM_Fase_2_Technical_Care_Sistema_Incidentes_Masivos_CreaciÃ³n_de_Eventos_Masivos_Ingreso_a_un_evento_masivo" time="41.042" classname="Tests.testEventosMasivos"/>
  <testcase name="TS16232_CRM_Fase_2_Technical_Care_Representante_Incidentes_Eventos_Fecha_de_Creacion_Formato" time="40.758" classname="Tests.testEventosMasivos"/>
  <testcase name="TS16231_CRM_Fase_2_Technical_Care_Representante_Incidentes_Eventos_Fecha_de_Inicio_Formato" time="48.708" classname="Tests.testEventosMasivos"/>
</testsuite> <!-- Tests.testEventosMasivos -->
