<?xml version="1.0" encoding="UTF-8"?>
<!-- Generated by org.testng.reporters.JUnitReportReporter -->
<testsuite skipped="0" hostname="LAPTOP-ADMPVVC9" name="Tests.CustomerCare360ViewCustomerInformation" tests="11" failures="0" timestamp="01 dic 2017 04:20:56 GMT" time="920.163" errors="0">
  <testcase name="TS7108_ValidationCustomerTransactionsViewFilter" time="82.276" classname="Tests.CustomerCare360ViewCustomerInformation"/>
  <testcase name="TS7068_ValidationFields" time="82.417" classname="Tests.CustomerCare360ViewCustomerInformation"/>
  <testcase name="TS7071_ValidationClubPersonalPremium" time="82.352" classname="Tests.CustomerCare360ViewCustomerInformation"/>
  <testcase name="TS7070_ValidationClubPersonalBasico" time="82.188" classname="Tests.CustomerCare360ViewCustomerInformation"/>
  <testcase name="TS7113_ValidationCustomerTransactionsIconType" time="83.033" classname="Tests.CustomerCare360ViewCustomerInformation"/>
  <testcase name="TS7106_ValidationNumberEstatus" time="92.434" classname="Tests.CustomerCare360ViewCustomerInformation"/>
  <testcase name="TS7069_ValidationButtons" time="82.960" classname="Tests.CustomerCare360ViewCustomerInformation"/>
  <testcase name="TS7072_ValidationNPS" time="82.813" classname="Tests.CustomerCare360ViewCustomerInformation"/>
  <testcase name="TS7112_ValidationDateFormat" time="82.199" classname="Tests.CustomerCare360ViewCustomerInformation"/>
  <testcase name="TS7126_ValidationPerfilPanel" time="83.116" classname="Tests.CustomerCare360ViewCustomerInformation"/>
  <testcase name="TS7110_ValidationCustomerTransactionsScroll" time="84.375" classname="Tests.CustomerCare360ViewCustomerInformation"/>
</testsuite> <!-- Tests.CustomerCare360ViewCustomerInformation -->
