<?xml version="1.0" encoding="UTF-8"?>
<!-- Generated by org.testng.reporters.JUnitReportReporter -->
<testsuite skipped="0" hostname="LAPTOP-ADMPVVC9" name="Tests.moduloOM" tests="3" failures="0" timestamp="01 dic 2017 04:20:56 GMT" time="173.163" errors="0">
  <testcase name="TS_CRM_OM_Interfaces_Cliente_Nuevo_PP_CN_Sin_delivery_Sin_VAS_Paso_1_S203_createSubscriber_Huawei_Verificacion_de_request_response" time="64.218" classname="Tests.moduloOM"/>
  <testcase name="TS6727_CRM_OM_Ordenes_Order_Detail_Visualización_del_flujo_de_orquestación" time="72.947" classname="Tests.moduloOM"/>
  <testcase name="TS8231_CRM_OM_Ordenes_Panel_principal_Crear_una_Orden" time="35.998" classname="Tests.moduloOM"/>
</testsuite> <!-- Tests.moduloOM -->
