<?xml version="1.0" encoding="UTF-8"?>
<!-- Generated by org.testng.reporters.JUnitReportReporter -->
<testsuite skipped="0" hostname="DESKTOP-UOMKS8R" name="Tests.SCPParquedeServicios" tests="1" failures="0" timestamp="18 dic 2017 13:23:16 GMT" time="94.807" errors="0">
  <testcase name="TS112683_Matriz_de_Criterios_de_DecisiÃ³n_Chatter_contextualizado_Escribir_comentario" time="94.807" classname="Tests.SCPParquedeServicios"/>
</testsuite> <!-- Tests.SCPParquedeServicios -->
