<?xml version="1.0" encoding="UTF-8"?>
<!-- Generated by org.testng.reporters.JUnitReportReporter -->
<testsuite skipped="0" hostname="LAPTOP-ADMPVVC9" name="Tests.TechnicalCare" tests="6" failures="0" timestamp="01 dic 2017 04:20:56 GMT" time="667.870" errors="0">
  <testcase name="TS11636_SST_Servicio_Indiferente_Adjunto_Valido_pdf" time="105.210" classname="Tests.TechnicalCare"/>
  <testcase name="TS11631_SST_Servicio_Indiferente_Adjunto_Valido_docx" time="127.626" classname="Tests.TechnicalCare"/>
  <testcase name="TS11620_SST_Servicio_Indiferente_Adjunto_Valido_doc" time="110.135" classname="Tests.TechnicalCare"/>
  <testcase name="TS11622_SST_Servicio_Indiferente_Adjunto_Formato_invalido" time="112.182" classname="Tests.TechnicalCare"/>
  <testcase name="TS11635_SST_Servicio_Indiferente_Adjunto_Valido_jpeg" time="105.328" classname="Tests.TechnicalCare"/>
  <testcase name="TS11634_SST_Servicio_Indiferente_Adjunto_Valido_jpg" time="107.389" classname="Tests.TechnicalCare"/>
</testsuite> <!-- Tests.TechnicalCare -->
