<?xml version="1.0" encoding="UTF-8"?>
<!-- Generated by org.testng.reporters.JUnitReportReporter -->
<testsuite skipped="0" hostname="LAPTOP-ADMPVVC9" name="Tests.CustomerCareCreatedCaseManagement" tests="3" failures="0" timestamp="01 dic 2017 04:20:56 GMT" time="181.713" errors="0">
  <testcase name="TS7202_CreatedAndDueTimeInHoursFormatCheck" time="61.609" classname="Tests.CustomerCareCreatedCaseManagement"/>
  <testcase name="TS7194_ValidatedCreationDate" time="61.043" classname="Tests.CustomerCareCreatedCaseManagement"/>
  <testcase name="TS7082_VisualizeDueDate" time="59.061" classname="Tests.CustomerCareCreatedCaseManagement"/>
</testsuite> <!-- Tests.CustomerCareCreatedCaseManagement -->
