<?xml version="1.0" encoding="UTF-8"?>
<!-- Generated by org.testng.reporters.JUnitReportReporter -->
<testsuite skipped="22" hostname="LAPTOP-ADMPVVC9" name="Tests.TechnicalCareCSRSTTVista1" tests="23" failures="0" timestamp="01 dic 2017 04:20:56 GMT" time="47.113" errors="1">
  <testcase name="TS16181_STT_Vista_3_Opcion_2_NO_Obligatorio" time="0.000" classname="Tests.TechnicalCareCSRSTTVista1">
    <skipped/>
  </testcase> <!-- TS16181_STT_Vista_3_Opcion_2_NO_Obligatorio -->
  <testcase name="setUp" time="47.113" classname="Tests.TechnicalCareCSRSTTVista1">
    <error type="org.openqa.selenium.InvalidElementStateException" message="invalid element state: Element is not currently interactable and may not be manipulated
  (Session info: chrome=62.0.3202.94)
  (Driver info: chromedriver=2.30.477700 (0057494ad8732195794a7b32078424f92a5fce41),platform=Windows NT 10.0.15063 x86_64) (WARNING: The server did not provide any stacktrace information)
Command duration or timeout: 24 milliseconds
Build info: version: &#039;3.4.0&#039;, revision: &#039;unknown&#039;, time: &#039;unknown&#039;
System info: host: &#039;LAPTOP-ADMPVVC9&#039;, ip: &#039;10.112.4.196&#039;, os.name: &#039;Windows 10&#039;, os.arch: &#039;amd64&#039;, os.version: &#039;10.0&#039;, java.version: &#039;1.8.0_131&#039;
Driver info: org.openqa.selenium.chrome.ChromeDriver
Capabilities [{applicationCacheEnabled=false, rotatable=false, mobileEmulationEnabled=false, networkConnectionEnabled=false, chrome={chromedriverVersion=2.30.477700 (0057494ad8732195794a7b32078424f92a5fce41), userDataDir=C:\Users\pablo\AppData\Local\Temp\scoped_dir2552_654}, takesHeapSnapshot=true, pageLoadStrategy=normal, databaseEnabled=false, handlesAlerts=true, hasTouchScreen=false, version=62.0.3202.94, platform=XP, browserConnectionEnabled=false, nativeEvents=true, acceptSslCerts=true, locationContextEnabled=true, webStorageEnabled=true, browserName=chrome, takesScreenshot=true, javascriptEnabled=true, cssSelectorsEnabled=true, unexpectedAlertBehaviour=}]
Session ID: 72bfe979e1b39871b4bbf84f074f1545">
      <![CDATA[org.openqa.selenium.InvalidElementStateException: invalid element state: Element is not currently interactable and may not be manipulated
  (Session info: chrome=62.0.3202.94)
  (Driver info: chromedriver=2.30.477700 (0057494ad8732195794a7b32078424f92a5fce41),platform=Windows NT 10.0.15063 x86_64) (WARNING: The server did not provide any stacktrace information)
Command duration or timeout: 24 milliseconds
Build info: version: '3.4.0', revision: 'unknown', time: 'unknown'
System info: host: 'LAPTOP-ADMPVVC9', ip: '10.112.4.196', os.name: 'Windows 10', os.arch: 'amd64', os.version: '10.0', java.version: '1.8.0_131'
Driver info: org.openqa.selenium.chrome.ChromeDriver
Capabilities [{applicationCacheEnabled=false, rotatable=false, mobileEmulationEnabled=false, networkConnectionEnabled=false, chrome={chromedriverVersion=2.30.477700 (0057494ad8732195794a7b32078424f92a5fce41), userDataDir=C:\Users\pablo\AppData\Local\Temp\scoped_dir2552_654}, takesHeapSnapshot=true, pageLoadStrategy=normal, databaseEnabled=false, handlesAlerts=true, hasTouchScreen=false, version=62.0.3202.94, platform=XP, browserConnectionEnabled=false, nativeEvents=true, acceptSslCerts=true, locationContextEnabled=true, webStorageEnabled=true, browserName=chrome, takesScreenshot=true, javascriptEnabled=true, cssSelectorsEnabled=true, unexpectedAlertBehaviour=}]
Session ID: 72bfe979e1b39871b4bbf84f074f1545
	at sun.reflect.NativeConstructorAccessorImpl.newInstance0(Native Method)
	at sun.reflect.NativeConstructorAccessorImpl.newInstance(Unknown Source)
	at sun.reflect.DelegatingConstructorAccessorImpl.newInstance(Unknown Source)
	at java.lang.reflect.Constructor.newInstance(Unknown Source)
	at org.openqa.selenium.remote.ErrorHandler.createThrowable(ErrorHandler.java:215)
	at org.openqa.selenium.remote.ErrorHandler.throwIfResponseFailed(ErrorHandler.java:167)
	at org.openqa.selenium.remote.RemoteWebDriver.execute(RemoteWebDriver.java:671)
	at org.openqa.selenium.remote.RemoteWebElement.execute(RemoteWebElement.java:272)
	at org.openqa.selenium.remote.RemoteWebElement.clear(RemoteWebElement.java:114)
	at Pages.Accounts.findAndClickButton(Accounts.java:167)
	at Tests.TechnicalCareCSRSTTVista1.setUp(TechnicalCareCSRSTTVista1.java:71)
	at sun.reflect.NativeMethodAccessorImpl.invoke0(Native Method)
	at sun.reflect.NativeMethodAccessorImpl.invoke(Unknown Source)
	at sun.reflect.DelegatingMethodAccessorImpl.invoke(Unknown Source)
	at java.lang.reflect.Method.invoke(Unknown Source)
	at org.testng.internal.MethodInvocationHelper.invokeMethod(MethodInvocationHelper.java:108)
	at org.testng.internal.Invoker.invokeConfigurationMethod(Invoker.java:523)
	at org.testng.internal.Invoker.invokeConfigurations(Invoker.java:224)
	at org.testng.internal.Invoker.invokeMethod(Invoker.java:599)
	at org.testng.internal.Invoker.invokeTestMethod(Invoker.java:869)
	at org.testng.internal.Invoker.invokeTestMethods(Invoker.java:1193)
	at org.testng.internal.TestMethodWorker.invokeTestMethods(TestMethodWorker.java:126)
	at org.testng.internal.TestMethodWorker.run(TestMethodWorker.java:109)
	at java.util.concurrent.ThreadPoolExecutor.runWorker(Unknown Source)
	at java.util.concurrent.ThreadPoolExecutor$Worker.run(Unknown Source)
	at java.lang.Thread.run(Unknown Source)
]]>
    </error>
  </testcase> <!-- setUp -->
  <testcase name="TS16203_STT_Telefono_Alternativo_Invalido_Letras" time="0.000" classname="Tests.TechnicalCareCSRSTTVista1">
    <skipped/>
  </testcase> <!-- TS16203_STT_Telefono_Alternativo_Invalido_Letras -->
  <testcase name="TS16173_STT_Vista0_Invalido_Caracteres_Especiales" time="0.000" classname="Tests.TechnicalCareCSRSTTVista1">
    <skipped/>
  </testcase> <!-- TS16173_STT_Vista0_Invalido_Caracteres_Especiales -->
  <testcase name="TS16190_STT_Mail_Valido" time="0.000" classname="Tests.TechnicalCareCSRSTTVista1">
    <skipped/>
  </testcase> <!-- TS16190_STT_Mail_Valido -->
  <testcase name="TS16178_STT_Vista_3_Opcion_1_verificacion_Obligatorio" time="0.000" classname="Tests.TechnicalCareCSRSTTVista1">
    <skipped/>
  </testcase> <!-- TS16178_STT_Vista_3_Opcion_1_verificacion_Obligatorio -->
  <testcase name="TS16208_STT_Vista_Historial_De_Visitas" time="0.000" classname="Tests.TechnicalCareCSRSTTVista1">
    <skipped/>
  </testcase> <!-- TS16208_STT_Vista_Historial_De_Visitas -->
  <testcase name="TS16202_STT_Telefono_Alternativo_Vacio_No_Obligatorio" time="0.000" classname="Tests.TechnicalCareCSRSTTVista1">
    <skipped/>
  </testcase> <!-- TS16202_STT_Telefono_Alternativo_Vacio_No_Obligatorio -->
  <testcase name="TS16191_STT_Mail_Invalido_Sin_Dominio" time="0.000" classname="Tests.TechnicalCareCSRSTTVista1">
    <skipped/>
  </testcase> <!-- TS16191_STT_Mail_Invalido_Sin_Dominio -->
  <testcase name="TS11618_SST_Servicio_Indiferente_Comentario_Error" time="0.000" classname="Tests.TechnicalCareCSRSTTVista1">
    <skipped/>
  </testcase> <!-- TS11618_SST_Servicio_Indiferente_Comentario_Error -->
  <testcase name="TS16198_STT_Telefono_Alternativo_Valido" time="0.000" classname="Tests.TechnicalCareCSRSTTVista1">
    <skipped/>
  </testcase> <!-- TS16198_STT_Telefono_Alternativo_Valido -->
  <testcase name="TS16189_STT_Mail_Alternativo_Vista" time="0.000" classname="Tests.TechnicalCareCSRSTTVista1">
    <skipped/>
  </testcase> <!-- TS16189_STT_Mail_Alternativo_Vista -->
  <testcase name="TS11625_SST_Servicio_Indiferente_Adjuntar_Dos_Archivos" time="0.000" classname="Tests.TechnicalCareCSRSTTVista1">
    <skipped/>
  </testcase> <!-- TS11625_SST_Servicio_Indiferente_Adjuntar_Dos_Archivos -->
  <testcase name="TS16200_STT_No_Agrega_Telefono_Alternativo" time="0.000" classname="Tests.TechnicalCareCSRSTTVista1">
    <skipped/>
  </testcase> <!-- TS16200_STT_No_Agrega_Telefono_Alternativo -->
  <testcase name="TS16350_Vista1_Garantia" time="0.000" classname="Tests.TechnicalCareCSRSTTVista1">
    <skipped/>
  </testcase> <!-- TS16350_Vista1_Garantia -->
  <testcase name="TS16196_STT_Telefono_Alternativo_Vista" time="0.000" classname="Tests.TechnicalCareCSRSTTVista1">
    <skipped/>
  </testcase> <!-- TS16196_STT_Telefono_Alternativo_Vista -->
  <testcase name="TS11619_SST_Servicio_Indiferente_Comentario_valido" time="0.000" classname="Tests.TechnicalCareCSRSTTVista1">
    <skipped/>
  </testcase> <!-- TS11619_SST_Servicio_Indiferente_Comentario_valido -->
  <testcase name="TS16204_STT_Telefono_Alternativo_Invalido_Caracter_Especial" time="0.000" classname="Tests.TechnicalCareCSRSTTVista1">
    <skipped/>
  </testcase> <!-- TS16204_STT_Telefono_Alternativo_Invalido_Caracter_Especial -->
  <testcase name="TS16344_STT_Ingreso" time="0.000" classname="Tests.TechnicalCareCSRSTTVista1">
    <skipped/>
  </testcase> <!-- TS16344_STT_Ingreso -->
  <testcase name="TS16199_STT_No_Agrega_Mail_Alternativo" time="0.000" classname="Tests.TechnicalCareCSRSTTVista1">
    <skipped/>
  </testcase> <!-- TS16199_STT_No_Agrega_Mail_Alternativo -->
  <testcase name="TS16170_STT_Cliente" time="0.000" classname="Tests.TechnicalCareCSRSTTVista1">
    <skipped/>
  </testcase> <!-- TS16170_STT_Cliente -->
  <testcase name="TS16184_STT_Vista_3_Opcion_3_NO_Obligatorio" time="0.000" classname="Tests.TechnicalCareCSRSTTVista1">
    <skipped/>
  </testcase> <!-- TS16184_STT_Vista_3_Opcion_3_NO_Obligatorio -->
  <testcase name="TS16192_STT_Mail_Invalido_Con_Dominio" time="0.000" classname="Tests.TechnicalCareCSRSTTVista1">
    <skipped/>
  </testcase> <!-- TS16192_STT_Mail_Invalido_Con_Dominio -->
</testsuite> <!-- Tests.TechnicalCareCSRSTTVista1 -->
