<?xml version="1.0" encoding="UTF-8"?>
<!-- Generated by org.testng.reporters.JUnitReportReporter -->
<testsuite skipped="0" hostname="LAPTOP-ADMPVVC9" name="Tests.testListaEventosMasivos" tests="3" failures="0" timestamp="01 dic 2017 04:20:56 GMT" time="261.550" errors="0">
  <testcase name="TS16240_CRM_Fase_2_Technical_Care_Representante_Incidentes_Masivos_Eventos_Datos_de_los_eventos_masivos_Fecha_de_inicio_Formato" time="73.127" classname="Tests.testListaEventosMasivos"/>
  <testcase name="TS16238_CRM_Fase_2_Technical_Care_Representante_Incidentes_Masivos_Eventos_Procedimiento_Sin_link" time="99.184" classname="Tests.testListaEventosMasivos"/>
  <testcase name="TS16237_CRM_Fase_2_Technical_Care_Representante_Incidentes_Masivos_Eventos_Procedimiento_Link_a_maxima_cantidad_de_archivos" time="89.239" classname="Tests.testListaEventosMasivos"/>
</testsuite> <!-- Tests.testListaEventosMasivos -->
