<?xml version="1.0" encoding="UTF-8"?>
<!-- Generated by org.testng.reporters.JUnitReportReporter -->
<testsuite skipped="0" hostname="DESKTOP-UOMKS8R" name="Tests.ValidationByDni" tests="3" failures="0" timestamp="30 ago 2017 19:46:34 GMT" time="99.084" errors="0">
  <testcase name="attachFiles" time="30.958" classname="Tests.ValidationByDni"/>
  <testcase name="TS6898_attachTwoFiles" time="31.131" classname="Tests.ValidationByDni"/>
  <testcase name="TS6900_attachTwoMbFiles" time="36.995" classname="Tests.ValidationByDni"/>
</testsuite> <!-- Tests.ValidationByDni -->
