<?xml version="1.0" encoding="UTF-8"?>
<!-- Generated by org.testng.reporters.JUnitReportReporter -->
<testsuite skipped="0" hostname="DESKTOP-UOMKS8R" name="Tests.SmokeTest" tests="4" failures="0" timestamp="10 nov 2017 13:57:16 GMT" time="188.420" errors="0">
  <testcase name="TS2_Modulo_Ventas" time="12.057" classname="Tests.SmokeTest"/>
  <testcase name="TS1_Login" time="68.595" classname="Tests.SmokeTest"/>
  <testcase name="TS3_Consola_FAN" time="78.693" classname="Tests.SmokeTest"/>
  <testcase name="TS4_SCP" time="29.075" classname="Tests.SmokeTest"/>
</testsuite> <!-- Tests.SmokeTest -->
